<?xml version="1.0" encoding="UTF-8"?>
<!-- Generated by org.testng.reporters.JUnitReportReporter -->
<testsuite skipped="0" hostname="LAPTOP-3LM0TE9V" name="com.rest.qa.tests.GetAPITest" tests="2" failures="0" timestamp="09 May 2019 09:05:55 GMT" time="1.719" errors="0">
  <testcase name="getWithHeaders" time="0.566" classname="com.rest.qa.tests.GetAPITest"/>
  <testcase name="get" time="1.153" classname="com.rest.qa.tests.GetAPITest"/>
</testsuite> <!-- com.rest.qa.tests.GetAPITest -->
